<?xml version="1.0" encoding="UTF-8"?>
<!-- Generated by org.testng.reporters.JUnitReportReporter -->
<testsuite hostname="TYSS-Akash-Deb" failures="0" tests="1" name="vtiger.opportunity_module.ToCreateOpportunityTest" time="20.817" errors="0" timestamp="19 Feb 2024 07:16:53 GMT" skipped="0">
  <testcase classname="vtiger.opportunity_module.ToCreateOpportunityTest" name="toCreateAnOpportunityWithOrganizationAndCampaignDetails" time="20.817"/>
</testsuite> <!-- vtiger.opportunity_module.ToCreateOpportunityTest -->
