<?xml version="1.0" encoding="UTF-8"?>
<!-- Generated by org.testng.reporters.JUnitReportReporter -->
<testsuite hostname="TYSS-Akash-Deb" failures="0" tests="1" name="vtiger.lead_module.ToCreateALeadTest" time="9.027" errors="0" timestamp="19 Feb 2024 07:16:53 GMT" skipped="0">
  <testcase classname="vtiger.lead_module.ToCreateALeadTest" name="toCreateALeadAndToVerifyTheLeadInfo" time="9.027"/>
</testsuite> <!-- vtiger.lead_module.ToCreateALeadTest -->
